<?xml version="1.0" encoding="UTF-8"?>
<!-- Generated by org.testng.reporters.JUnitReportReporter -->
<testsuite hostname="RAJESH-PC" name="Testcases.login" tests="1" failures="0" timestamp="21 Apr 2018 08:57:59 GMT" time="17.676" errors="0">
  <testcase name="validLogin" time="17.676" classname="Testcases.login"/>
</testsuite> <!-- Testcases.login -->
